<?xml version="1.0" encoding="UTF-8"?>
<testng-results total="1" passed="1" failed="0" skipped="0">
  <reporter-output>
    <line>
      <![CDATA[application opened]]>
    </line>
    <line>
      <![CDATA[Title not matched]]>
    </line>
    <line>
      <![CDATA[driver.getTitle]]>
    </line>
    <line>
      <![CDATA[login completed]]>
    </line>
    <line>
      <![CDATA[Title not matched]]>
    </line>
    <line>
      <![CDATA[driver.getTitle]]>
    </line>
    <line>
      <![CDATA[logout completed]]>
    </line>
    <line>
      <![CDATA[applicatin closed]]>
    </line>
  </reporter-output>
  <suite started-at="2022-10-18T09:33:16Z" name="Default suite" finished-at="2022-10-18T09:33:22Z" duration-ms="5378">
    <groups>
    </groups>
    <test started-at="2022-10-18T09:33:16Z" name="Default test" finished-at="2022-10-18T09:33:22Z" duration-ms="5378">
      <class name="com.hrms.testscripts.TC001">
        <test-method signature="tc001()[pri:0, instance:com.hrms.testscripts.TC001@74a6f9c1]" started-at="2022-10-18T15:03:16Z" name="tc001" finished-at="2022-10-18T15:03:22Z" duration-ms="5369" status="PASS">
          <reporter-output>
            <line>
              <![CDATA[application opened]]>
            </line>
            <line>
              <![CDATA[Title not matched]]>
            </line>
            <line>
              <![CDATA[driver.getTitle]]>
            </line>
            <line>
              <![CDATA[login completed]]>
            </line>
            <line>
              <![CDATA[Title not matched]]>
            </line>
            <line>
              <![CDATA[driver.getTitle]]>
            </line>
            <line>
              <![CDATA[logout completed]]>
            </line>
            <line>
              <![CDATA[applicatin closed]]>
            </line>
          </reporter-output>
        </test-method> <!-- tc001 -->
      </class> <!-- com.hrms.testscripts.TC001 -->
    </test> <!-- Default test -->
  </suite> <!-- Default suite -->
</testng-results>
